<?xml version="1.0" encoding="UTF-8"?>
<testsuite xmlns:xsi="http://www.w3.org/2001/XMLSchema-instance" xsi:noNamespaceSchemaLocation="https://maven.apache.org/surefire/maven-surefire-plugin/xsd/surefire-test-report.xsd" version="3.0.2" name="com.example.fullstack.FullStack2ApplicationTests" time="7.617" tests="1" errors="0" skipped="0" failures="0">
  <properties>
[...]
</properties>
  <testcase name="contextLoads" classname="com.example.fullstack.FullStack2ApplicationTests" time="0.631">
    <system-out><![CDATA[08:27:14.310 [main] INFO org.springframework.test.context.support.AnnotationConfigContextLoaderUtils -- Could not detect default configuration classes for test class [com.example.fullstack.FullStack2ApplicationTests]: FullStack2ApplicationTests does not declare any static, non-private, non-final, nested classes annotated with @Configuration.
08:27:14.476 [main] INFO org.springframework.boot.test.context.SpringBootTestContextBootstrapper -- Found @SpringBootConfiguration com.example.fullstack.FullStack2Application for test class com.example.fullstack.FullStack2ApplicationTests
08:27:14.757 [main] INFO org.springframework.boot.devtools.restart.RestartApplicationListener -- Restart disabled due to context in which it is running

  .   ____          _            __ _ _
 /\\ / ___'_ __ _ _(_)_ __  __ _ \ \ \ \
( ( )\___ | '_ | '_| | '_ \/ _` | \ \ \ \
 \\/  ___)| |_)| | | | | || (_| |  ) ) ) )
  '  |____| .__|_| |_|_| |_\__, | / / / /
 =========|_|==============|___/=/_/_/_/

 :: Spring Boot ::                (v3.4.4)

2025-03-24T08:27:15.264+05:30  INFO 512 --- [FullStack2] [           main] c.e.f.FullStack2ApplicationTests         : Starting FullStack2ApplicationTests using Java 17.0.9 with PID 512 (started by nanir in C:\Users\nanir\sts-workspace\FullStack2)
2025-03-24T08:27:15.265+05:30  INFO 512 --- [FullStack2] [           main] c.e.f.FullStack2ApplicationTests         : No active profile set, falling back to 1 default profile: "default"
2025-03-24T08:27:16.354+05:30  INFO 512 --- [FullStack2] [           main] .s.d.r.c.RepositoryConfigurationDelegate : Bootstrapping Spring Data JPA repositories in DEFAULT mode.
2025-03-24T08:27:16.459+05:30  INFO 512 --- [FullStack2] [           main] .s.d.r.c.RepositoryConfigurationDelegate : Finished Spring Data repository scanning in 87 ms. Found 1 JPA repository interface.
2025-03-24T08:27:17.132+05:30  INFO 512 --- [FullStack2] [           main] o.hibernate.jpa.internal.util.LogHelper  : HHH000204: Processing PersistenceUnitInfo [name: default]
2025-03-24T08:27:17.266+05:30  INFO 512 --- [FullStack2] [           main] org.hibernate.Version                    : HHH000412: Hibernate ORM core version 6.6.11.Final
2025-03-24T08:27:17.340+05:30  INFO 512 --- [FullStack2] [           main] o.h.c.internal.RegionFactoryInitiator    : HHH000026: Second-level cache disabled
2025-03-24T08:27:18.032+05:30  INFO 512 --- [FullStack2] [           main] o.s.o.j.p.SpringPersistenceUnitInfo      : No LoadTimeWeaver setup: ignoring JPA class transformer
2025-03-24T08:27:18.092+05:30  INFO 512 --- [FullStack2] [           main] com.zaxxer.hikari.HikariDataSource       : HikariPool-1 - Starting...
2025-03-24T08:27:18.388+05:30  INFO 512 --- [FullStack2] [           main] com.zaxxer.hikari.pool.HikariPool        : HikariPool-1 - Added connection com.mysql.cj.jdbc.ConnectionImpl@6aad919c
2025-03-24T08:27:18.391+05:30  INFO 512 --- [FullStack2] [           main] com.zaxxer.hikari.HikariDataSource       : HikariPool-1 - Start completed.
2025-03-24T08:27:18.500+05:30  WARN 512 --- [FullStack2] [           main] org.hibernate.orm.deprecation            : HHH90000025: MySQL8Dialect does not need to be specified explicitly using 'hibernate.dialect' (remove the property setting and it will be selected by default)
2025-03-24T08:27:18.502+05:30  WARN 512 --- [FullStack2] [           main] org.hibernate.orm.deprecation            : HHH90000026: MySQL8Dialect has been deprecated; use org.hibernate.dialect.MySQLDialect instead
2025-03-24T08:27:18.560+05:30  INFO 512 --- [FullStack2] [           main] org.hibernate.orm.connections.pooling    : HHH10001005: Database info:
	Database JDBC URL [Connecting through datasource 'HikariDataSource (HikariPool-1)']
	Database driver: undefined/unknown
	Database version: 8.0
	Autocommit mode: undefined/unknown
	Isolation level: undefined/unknown
	Minimum pool size: undefined/unknown
	Maximum pool size: undefined/unknown
2025-03-24T08:27:19.760+05:30  INFO 512 --- [FullStack2] [           main] o.h.e.t.j.p.i.JtaPlatformInitiator       : HHH000489: No JTA platform available (set 'hibernate.transaction.jta.platform' to enable JTA platform integration)
2025-03-24T08:27:19.907+05:30  INFO 512 --- [FullStack2] [           main] j.LocalContainerEntityManagerFactoryBean : Initialized JPA EntityManagerFactory for persistence unit 'default'
2025-03-24T08:27:20.445+05:30  WARN 512 --- [FullStack2] [           main] JpaBaseConfiguration$JpaWebConfiguration : spring.jpa.open-in-view is enabled by default. Therefore, database queries may be performed during view rendering. Explicitly configure spring.jpa.open-in-view to disable this warning
2025-03-24T08:27:21.037+05:30  INFO 512 --- [FullStack2] [           main] c.e.f.FullStack2ApplicationTests         : Started FullStack2ApplicationTests in 6.297 seconds (process running for 7.739)
]]></system-out>
  </testcase>
</testsuite>